<?xml version="1.0" encoding="utf-8"?>
<TestRun id="29df8d47-f6a9-427a-9f67-0b9b04f5f1c9" name="@MSI 2022-10-28 16:24:48" xmlns="http://microsoft.com/schemas/VisualStudio/TeamTest/2010">
  <Times creation="2022-10-28T16:24:48.3697573+08:00" queuing="2022-10-28T16:24:48.3697574+08:00" start="2022-10-28T16:24:47.5196728+08:00" finish="2022-10-28T16:24:48.3812767+08:00" />
  <TestSettings name="default" id="8889cb8e-01f5-4c09-9944-659ddbc9ffe8">
    <Deployment runDeploymentRoot="_MSI_2022-10-28_16_24_48" />
  </TestSettings>
  <Results>
    <UnitTestResult executionId="d9358b57-5303-4ad4-8c1e-71607e78c16d" testId="ff9ff691-3161-b8bd-3c9f-64e1a14c9e60" testName="Test_Minus" computerName="MSI" duration="00:00:00.0001092" startTime="2022-10-28T16:24:48.2797308+08:00" endTime="2022-10-28T16:24:48.2799839+08:00" testType="13cdc9d9-ddb5-4fa4-a97d-d965ccfc6d4b" outcome="Passed" testListId="8c84fa94-04c1-424b-9868-57a2d4851a1d" relativeResultsDirectory="d9358b57-5303-4ad4-8c1e-71607e78c16d" />
    <UnitTestResult executionId="bdbf9f31-2458-43b2-ba4a-42aa6947c7b6" testId="41b527ac-4b64-9838-b9e7-c39253a2a794" testName="Test_Add" computerName="MSI" duration="00:00:00.0231135" startTime="2022-10-28T16:24:48.2348912+08:00" endTime="2022-10-28T16:24:48.2751054+08:00" testType="13cdc9d9-ddb5-4fa4-a97d-d965ccfc6d4b" outcome="Failed" testListId="8c84fa94-04c1-424b-9868-57a2d4851a1d" relativeResultsDirectory="bdbf9f31-2458-43b2-ba4a-42aa6947c7b6">
      <Output>
        <ErrorInfo>
          <Message>Assert.AreEqual failed. Expected:&lt;105&gt;. Actual:&lt;106&gt;. </Message>
          <StackTrace>   at WebApi.Tests.UnitTest_Math.Test_Add() in /mnt/d/webroot/DotNetCoreWebApi/WebApi.Tests/UnitTest_Math.cs:line 33
</StackTrace>
        </ErrorInfo>
      </Output>
    </UnitTestResult>
    <UnitTestResult executionId="b0f15c9e-4cd4-406a-9f58-35080303b107" testId="7162cc5a-f83d-437d-254d-7ddda8395402" testName="Test_Multiple" computerName="MSI" duration="00:00:00.0000684" startTime="2022-10-28T16:24:48.2800157+08:00" endTime="2022-10-28T16:24:48.2801525+08:00" testType="13cdc9d9-ddb5-4fa4-a97d-d965ccfc6d4b" outcome="Passed" testListId="8c84fa94-04c1-424b-9868-57a2d4851a1d" relativeResultsDirectory="b0f15c9e-4cd4-406a-9f58-35080303b107" />
    <UnitTestResult executionId="c10cf8df-ba2e-4cc5-ad0e-d749f27bfb6b" testId="767d0e87-a986-72ca-c025-9b9e6f36501a" testName="Test_Divide" computerName="MSI" duration="00:00:00.0000558" startTime="2022-10-28T16:24:48.2801635+08:00" endTime="2022-10-28T16:24:48.2802774+08:00" testType="13cdc9d9-ddb5-4fa4-a97d-d965ccfc6d4b" outcome="Passed" testListId="8c84fa94-04c1-424b-9868-57a2d4851a1d" relativeResultsDirectory="c10cf8df-ba2e-4cc5-ad0e-d749f27bfb6b" />
  </Results>
  <TestDefinitions>
    <UnitTest name="Test_Divide" storage="/mnt/d/webroot/dotnetcorewebapi/webapi.tests/bin/debug/netcoreapp3.1/webapi.tests.dll" id="767d0e87-a986-72ca-c025-9b9e6f36501a">
      <Execution id="c10cf8df-ba2e-4cc5-ad0e-d749f27bfb6b" />
      <TestMethod codeBase="/mnt/d/webroot/DotNetCoreWebApi/WebApi.Tests/bin/Debug/netcoreapp3.1/WebApi.Tests.dll" adapterTypeName="executor://mstestadapter/v2" className="WebApi.Tests.UnitTest_Math" name="Test_Divide" />
    </UnitTest>
    <UnitTest name="Test_Minus" storage="/mnt/d/webroot/dotnetcorewebapi/webapi.tests/bin/debug/netcoreapp3.1/webapi.tests.dll" id="ff9ff691-3161-b8bd-3c9f-64e1a14c9e60">
      <Execution id="d9358b57-5303-4ad4-8c1e-71607e78c16d" />
      <TestMethod codeBase="/mnt/d/webroot/DotNetCoreWebApi/WebApi.Tests/bin/Debug/netcoreapp3.1/WebApi.Tests.dll" adapterTypeName="executor://mstestadapter/v2" className="WebApi.Tests.UnitTest_Math" name="Test_Minus" />
    </UnitTest>
    <UnitTest name="Test_Add" storage="/mnt/d/webroot/dotnetcorewebapi/webapi.tests/bin/debug/netcoreapp3.1/webapi.tests.dll" id="41b527ac-4b64-9838-b9e7-c39253a2a794">
      <Execution id="bdbf9f31-2458-43b2-ba4a-42aa6947c7b6" />
      <TestMethod codeBase="/mnt/d/webroot/DotNetCoreWebApi/WebApi.Tests/bin/Debug/netcoreapp3.1/WebApi.Tests.dll" adapterTypeName="executor://mstestadapter/v2" className="WebApi.Tests.UnitTest_Math" name="Test_Add" />
    </UnitTest>
    <UnitTest name="Test_Multiple" storage="/mnt/d/webroot/dotnetcorewebapi/webapi.tests/bin/debug/netcoreapp3.1/webapi.tests.dll" id="7162cc5a-f83d-437d-254d-7ddda8395402">
      <Execution id="b0f15c9e-4cd4-406a-9f58-35080303b107" />
      <TestMethod codeBase="/mnt/d/webroot/DotNetCoreWebApi/WebApi.Tests/bin/Debug/netcoreapp3.1/WebApi.Tests.dll" adapterTypeName="executor://mstestadapter/v2" className="WebApi.Tests.UnitTest_Math" name="Test_Multiple" />
    </UnitTest>
  </TestDefinitions>
  <TestEntries>
    <TestEntry testId="ff9ff691-3161-b8bd-3c9f-64e1a14c9e60" executionId="d9358b57-5303-4ad4-8c1e-71607e78c16d" testListId="8c84fa94-04c1-424b-9868-57a2d4851a1d" />
    <TestEntry testId="41b527ac-4b64-9838-b9e7-c39253a2a794" executionId="bdbf9f31-2458-43b2-ba4a-42aa6947c7b6" testListId="8c84fa94-04c1-424b-9868-57a2d4851a1d" />
    <TestEntry testId="7162cc5a-f83d-437d-254d-7ddda8395402" executionId="b0f15c9e-4cd4-406a-9f58-35080303b107" testListId="8c84fa94-04c1-424b-9868-57a2d4851a1d" />
    <TestEntry testId="767d0e87-a986-72ca-c025-9b9e6f36501a" executionId="c10cf8df-ba2e-4cc5-ad0e-d749f27bfb6b" testListId="8c84fa94-04c1-424b-9868-57a2d4851a1d" />
  </TestEntries>
  <TestLists>
    <TestList name="Results Not in a List" id="8c84fa94-04c1-424b-9868-57a2d4851a1d" />
    <TestList name="All Loaded Results" id="19431567-8539-422a-85d7-44ee4e166bda" />
  </TestLists>
  <ResultSummary outcome="Failed">
    <Counters total="4" executed="4" passed="3" failed="1" error="0" timeout="0" aborted="0" inconclusive="0" passedButRunAborted="0" notRunnable="0" notExecuted="0" disconnected="0" warning="0" completed="0" inProgress="0" pending="0" />
  </ResultSummary>
</TestRun>