<?xml version="1.0" encoding="utf-8"?>
<TestRun id="f2208544-bd4e-4002-99f0-9e4028a00bb6" name="@MSI 2022-11-03 11:04:52" xmlns="http://microsoft.com/schemas/VisualStudio/TeamTest/2010">
  <Times creation="2022-11-03T11:04:52.7137262+08:00" queuing="2022-11-03T11:04:52.7137263+08:00" start="2022-11-03T11:04:51.6590275+08:00" finish="2022-11-03T11:04:52.7243783+08:00" />
  <TestSettings name="default" id="d54c6296-a481-41a1-954f-f0cca0b627ea">
    <Deployment runDeploymentRoot="_MSI_2022-11-03_11_04_52" />
  </TestSettings>
  <Results>
    <UnitTestResult executionId="96c06a0e-c9a6-43f7-8a3b-9dca5b16c528" testId="767d0e87-a986-72ca-c025-9b9e6f36501a" testName="Test_Divide" computerName="MSI" duration="00:00:00.0000460" startTime="2022-11-03T11:04:52.5726313+08:00" endTime="2022-11-03T11:04:52.5727092+08:00" testType="13cdc9d9-ddb5-4fa4-a97d-d965ccfc6d4b" outcome="Passed" testListId="8c84fa94-04c1-424b-9868-57a2d4851a1d" relativeResultsDirectory="96c06a0e-c9a6-43f7-8a3b-9dca5b16c528" />
    <UnitTestResult executionId="150bda11-02ed-4fca-a3dd-aa1138dbd9cd" testId="9e1eab6c-6567-6e8b-be14-f68761daa49e" testName="Test_Add" computerName="MSI" duration="00:00:00.0112352" startTime="2022-11-03T11:04:52.5393409+08:00" endTime="2022-11-03T11:04:52.5679750+08:00" testType="13cdc9d9-ddb5-4fa4-a97d-d965ccfc6d4b" outcome="Passed" testListId="8c84fa94-04c1-424b-9868-57a2d4851a1d" relativeResultsDirectory="150bda11-02ed-4fca-a3dd-aa1138dbd9cd" resultType="DataDrivenTest">
      <InnerResults>
        <UnitTestResult executionId="c1cf7890-845f-44af-ad3d-28e9df0f8e1c" parentExecutionId="150bda11-02ed-4fca-a3dd-aa1138dbd9cd" testId="9e1eab6c-6567-6e8b-be14-f68761daa49e" testName="Test_Add (1,2)" computerName="MSI" duration="00:00:00.0086437" startTime="2022-11-03T11:04:52.5393409+08:00" endTime="2022-11-03T11:04:52.5679750+08:00" testType="13cdc9d9-ddb5-4fa4-a97d-d965ccfc6d4b" outcome="Passed" testListId="8c84fa94-04c1-424b-9868-57a2d4851a1d" relativeResultsDirectory="c1cf7890-845f-44af-ad3d-28e9df0f8e1c" dataRowInfo="1" resultType="DataDrivenDataRow" />
        <UnitTestResult executionId="cf5ec4a3-90ed-4704-b0bb-49aa4cf76dd7" parentExecutionId="150bda11-02ed-4fca-a3dd-aa1138dbd9cd" testId="9e1eab6c-6567-6e8b-be14-f68761daa49e" testName="Test_Add (3,6)" computerName="MSI" duration="00:00:00.0000196" startTime="2022-11-03T11:04:52.5393409+08:00" endTime="2022-11-03T11:04:52.5679750+08:00" testType="13cdc9d9-ddb5-4fa4-a97d-d965ccfc6d4b" outcome="Passed" testListId="8c84fa94-04c1-424b-9868-57a2d4851a1d" relativeResultsDirectory="cf5ec4a3-90ed-4704-b0bb-49aa4cf76dd7" dataRowInfo="2" resultType="DataDrivenDataRow" />
      </InnerResults>
    </UnitTestResult>
    <UnitTestResult executionId="8e037667-ec8c-4085-bef9-f60c890e8dee" testId="d3926562-b25c-8076-482d-4e97af76817c" testName="WorktimeTest" computerName="MSI" duration="00:00:00.0006316" startTime="2022-11-03T11:04:52.5731643+08:00" endTime="2022-11-03T11:04:52.5738958+08:00" testType="13cdc9d9-ddb5-4fa4-a97d-d965ccfc6d4b" outcome="Passed" testListId="8c84fa94-04c1-424b-9868-57a2d4851a1d" relativeResultsDirectory="8e037667-ec8c-4085-bef9-f60c890e8dee" />
    <UnitTestResult executionId="202d2afa-645c-4521-b4bb-f6d29ca29cf8" testId="df7c5bb9-179e-bbb4-0cff-4ab9fa43ac30" testName="All_Assert_Method" computerName="MSI" duration="00:00:00.0003951" startTime="2022-11-03T11:04:52.5727157+08:00" endTime="2022-11-03T11:04:52.5731487+08:00" testType="13cdc9d9-ddb5-4fa4-a97d-d965ccfc6d4b" outcome="Passed" testListId="8c84fa94-04c1-424b-9868-57a2d4851a1d" relativeResultsDirectory="202d2afa-645c-4521-b4bb-f6d29ca29cf8" />
    <UnitTestResult executionId="f1b2b956-86cc-4700-85f6-7eead5836f29" testId="7162cc5a-f83d-437d-254d-7ddda8395402" testName="Test_Multiple" computerName="MSI" duration="00:00:00.0000554" startTime="2022-11-03T11:04:52.5725225+08:00" endTime="2022-11-03T11:04:52.5726239+08:00" testType="13cdc9d9-ddb5-4fa4-a97d-d965ccfc6d4b" outcome="Passed" testListId="8c84fa94-04c1-424b-9868-57a2d4851a1d" relativeResultsDirectory="f1b2b956-86cc-4700-85f6-7eead5836f29" />
    <UnitTestResult executionId="41587bee-250f-44af-99d3-f4a3f556c066" testId="612b93fc-f78c-539c-56a9-4431699054aa" testName="WorktimeTest_Message" computerName="MSI" duration="00:00:00.0001233" startTime="2022-11-03T11:04:52.5739106+08:00" endTime="2022-11-03T11:04:52.5741271+08:00" testType="13cdc9d9-ddb5-4fa4-a97d-d965ccfc6d4b" outcome="Passed" testListId="8c84fa94-04c1-424b-9868-57a2d4851a1d" relativeResultsDirectory="41587bee-250f-44af-99d3-f4a3f556c066" />
    <UnitTestResult executionId="107a4a62-d52e-474c-9913-1ef0f3c83600" testId="ff9ff691-3161-b8bd-3c9f-64e1a14c9e60" testName="Test_Minus" computerName="MSI" duration="00:00:00.0000853" startTime="2022-11-03T11:04:52.5722945+08:00" endTime="2022-11-03T11:04:52.5725056+08:00" testType="13cdc9d9-ddb5-4fa4-a97d-d965ccfc6d4b" outcome="Passed" testListId="8c84fa94-04c1-424b-9868-57a2d4851a1d" relativeResultsDirectory="107a4a62-d52e-474c-9913-1ef0f3c83600" />
  </Results>
  <TestDefinitions>
    <UnitTest name="Test_Divide" storage="/mnt/d/webroot/dotnetcorewebapi/webapi.tests/bin/debug/netcoreapp3.1/webapi.tests.dll" id="767d0e87-a986-72ca-c025-9b9e6f36501a">
      <Execution id="96c06a0e-c9a6-43f7-8a3b-9dca5b16c528" />
      <TestMethod codeBase="/mnt/d/webroot/dotnetcorewebapi/WebApi.Tests/bin/Debug/netcoreapp3.1/WebApi.Tests.dll" adapterTypeName="executor://mstestadapter/v2" className="WebApi.Tests.UnitTest_Math" name="Test_Divide" />
    </UnitTest>
    <UnitTest name="WorktimeTest_Message" storage="/mnt/d/webroot/dotnetcorewebapi/webapi.tests/bin/debug/netcoreapp3.1/webapi.tests.dll" id="612b93fc-f78c-539c-56a9-4431699054aa">
      <Execution id="41587bee-250f-44af-99d3-f4a3f556c066" />
      <TestMethod codeBase="/mnt/d/webroot/dotnetcorewebapi/WebApi.Tests/bin/Debug/netcoreapp3.1/WebApi.Tests.dll" adapterTypeName="executor://mstestadapter/v2" className="WebApi.Tests.UnitTest_Math" name="WorktimeTest_Message" />
    </UnitTest>
    <UnitTest name="Test_Minus" storage="/mnt/d/webroot/dotnetcorewebapi/webapi.tests/bin/debug/netcoreapp3.1/webapi.tests.dll" id="ff9ff691-3161-b8bd-3c9f-64e1a14c9e60">
      <TestCategory>
        <TestCategoryItem TestCategory="CategoryA" />
      </TestCategory>
      <Execution id="107a4a62-d52e-474c-9913-1ef0f3c83600" />
      <TestMethod codeBase="/mnt/d/webroot/dotnetcorewebapi/WebApi.Tests/bin/Debug/netcoreapp3.1/WebApi.Tests.dll" adapterTypeName="executor://mstestadapter/v2" className="WebApi.Tests.UnitTest_Math" name="Test_Minus" />
    </UnitTest>
    <UnitTest name="WorktimeTest" storage="/mnt/d/webroot/dotnetcorewebapi/webapi.tests/bin/debug/netcoreapp3.1/webapi.tests.dll" id="d3926562-b25c-8076-482d-4e97af76817c">
      <Execution id="8e037667-ec8c-4085-bef9-f60c890e8dee" />
      <TestMethod codeBase="/mnt/d/webroot/dotnetcorewebapi/WebApi.Tests/bin/Debug/netcoreapp3.1/WebApi.Tests.dll" adapterTypeName="executor://mstestadapter/v2" className="WebApi.Tests.UnitTest_Math" name="WorktimeTest" />
    </UnitTest>
    <UnitTest name="Test_Multiple" storage="/mnt/d/webroot/dotnetcorewebapi/webapi.tests/bin/debug/netcoreapp3.1/webapi.tests.dll" id="7162cc5a-f83d-437d-254d-7ddda8395402">
      <Execution id="f1b2b956-86cc-4700-85f6-7eead5836f29" />
      <TestMethod codeBase="/mnt/d/webroot/dotnetcorewebapi/WebApi.Tests/bin/Debug/netcoreapp3.1/WebApi.Tests.dll" adapterTypeName="executor://mstestadapter/v2" className="WebApi.Tests.UnitTest_Math" name="Test_Multiple" />
    </UnitTest>
    <UnitTest name="Test_Add" storage="/mnt/d/webroot/dotnetcorewebapi/webapi.tests/bin/debug/netcoreapp3.1/webapi.tests.dll" id="9e1eab6c-6567-6e8b-be14-f68761daa49e">
      <Execution id="150bda11-02ed-4fca-a3dd-aa1138dbd9cd" />
      <TestMethod codeBase="/mnt/d/webroot/dotnetcorewebapi/WebApi.Tests/bin/Debug/netcoreapp3.1/WebApi.Tests.dll" adapterTypeName="executor://mstestadapter/v2" className="WebApi.Tests.UnitTest_Math" name="Test_Add" />
    </UnitTest>
    <UnitTest name="All_Assert_Method" storage="/mnt/d/webroot/dotnetcorewebapi/webapi.tests/bin/debug/netcoreapp3.1/webapi.tests.dll" id="df7c5bb9-179e-bbb4-0cff-4ab9fa43ac30">
      <Execution id="202d2afa-645c-4521-b4bb-f6d29ca29cf8" />
      <TestMethod codeBase="/mnt/d/webroot/dotnetcorewebapi/WebApi.Tests/bin/Debug/netcoreapp3.1/WebApi.Tests.dll" adapterTypeName="executor://mstestadapter/v2" className="WebApi.Tests.UnitTest_Math" name="All_Assert_Method" />
    </UnitTest>
  </TestDefinitions>
  <TestEntries>
    <TestEntry testId="767d0e87-a986-72ca-c025-9b9e6f36501a" executionId="96c06a0e-c9a6-43f7-8a3b-9dca5b16c528" testListId="8c84fa94-04c1-424b-9868-57a2d4851a1d" />
    <TestEntry testId="9e1eab6c-6567-6e8b-be14-f68761daa49e" executionId="150bda11-02ed-4fca-a3dd-aa1138dbd9cd" testListId="8c84fa94-04c1-424b-9868-57a2d4851a1d" />
    <TestEntry testId="d3926562-b25c-8076-482d-4e97af76817c" executionId="8e037667-ec8c-4085-bef9-f60c890e8dee" testListId="8c84fa94-04c1-424b-9868-57a2d4851a1d" />
    <TestEntry testId="df7c5bb9-179e-bbb4-0cff-4ab9fa43ac30" executionId="202d2afa-645c-4521-b4bb-f6d29ca29cf8" testListId="8c84fa94-04c1-424b-9868-57a2d4851a1d" />
    <TestEntry testId="7162cc5a-f83d-437d-254d-7ddda8395402" executionId="f1b2b956-86cc-4700-85f6-7eead5836f29" testListId="8c84fa94-04c1-424b-9868-57a2d4851a1d" />
    <TestEntry testId="612b93fc-f78c-539c-56a9-4431699054aa" executionId="41587bee-250f-44af-99d3-f4a3f556c066" testListId="8c84fa94-04c1-424b-9868-57a2d4851a1d" />
    <TestEntry testId="ff9ff691-3161-b8bd-3c9f-64e1a14c9e60" executionId="107a4a62-d52e-474c-9913-1ef0f3c83600" testListId="8c84fa94-04c1-424b-9868-57a2d4851a1d" />
  </TestEntries>
  <TestLists>
    <TestList name="Results Not in a List" id="8c84fa94-04c1-424b-9868-57a2d4851a1d" />
    <TestList name="All Loaded Results" id="19431567-8539-422a-85d7-44ee4e166bda" />
  </TestLists>
  <ResultSummary outcome="Completed">
    <Counters total="9" executed="9" passed="9" failed="0" error="0" timeout="0" aborted="0" inconclusive="0" passedButRunAborted="0" notRunnable="0" notExecuted="0" disconnected="0" warning="0" completed="0" inProgress="0" pending="0" />
  </ResultSummary>
</TestRun>