<?xml version="1.0" encoding="utf-8"?>
<TestRun id="453171fe-5a0b-4e7b-b79c-25da446967a2" name="@MSI 2022-10-28 16:24:48" xmlns="http://microsoft.com/schemas/VisualStudio/TeamTest/2010">
  <Times creation="2022-10-28T16:24:48.8716949+08:00" queuing="2022-10-28T16:24:48.8716949+08:00" start="2022-10-28T16:24:47.4745042+08:00" finish="2022-10-28T16:24:48.8794568+08:00" />
  <TestSettings name="default" id="d1f8b912-cf70-41c1-9778-c09c1fc04467">
    <Deployment runDeploymentRoot="_MSI_2022-10-28_16_24_48" />
  </TestSettings>
  <Results>
    <UnitTestResult executionId="3ddc9adb-9ff8-41c1-94e8-f678a53848d9" testId="5185eeec-8d1b-cb15-78a4-e23e060e8825" testName="xUnit.Tests.xUnitTest_Math.Test_Divide" computerName="MSI" duration="00:00:00.0028676" startTime="2022-10-28T16:24:48.7689364+08:00" endTime="2022-10-28T16:24:48.7689818+08:00" testType="13cdc9d9-ddb5-4fa4-a97d-d965ccfc6d4b" outcome="Passed" testListId="8c84fa94-04c1-424b-9868-57a2d4851a1d" relativeResultsDirectory="3ddc9adb-9ff8-41c1-94e8-f678a53848d9" />
    <UnitTestResult executionId="ecb87eca-eed1-4347-9989-524031eb4e84" testId="642aaa61-9aee-8406-fd9d-28ba17b9b387" testName="xUnit.Tests.xUnitTest_Math.Test_Minus" computerName="MSI" duration="00:00:00.0001245" startTime="2022-10-28T16:24:48.7924157+08:00" endTime="2022-10-28T16:24:48.7924157+08:00" testType="13cdc9d9-ddb5-4fa4-a97d-d965ccfc6d4b" outcome="Passed" testListId="8c84fa94-04c1-424b-9868-57a2d4851a1d" relativeResultsDirectory="ecb87eca-eed1-4347-9989-524031eb4e84" />
    <UnitTestResult executionId="9f0e8bec-56d6-4bee-b864-033d89e98e3f" testId="f7a3c5c7-39fd-dc2e-f07d-843a5080da15" testName="xUnit.Tests.xUnitTest_Math.Test_Multiple" computerName="MSI" duration="00:00:00.0000588" startTime="2022-10-28T16:24:48.7924401+08:00" endTime="2022-10-28T16:24:48.7924401+08:00" testType="13cdc9d9-ddb5-4fa4-a97d-d965ccfc6d4b" outcome="Passed" testListId="8c84fa94-04c1-424b-9868-57a2d4851a1d" relativeResultsDirectory="9f0e8bec-56d6-4bee-b864-033d89e98e3f" />
    <UnitTestResult executionId="b4c5f69f-f3c2-4dd8-bfcf-1a52d90c48d0" testId="76ebcdc6-41a5-eac7-5a97-3f40aa0f1690" testName="xUnit.Tests.xUnitTest_Math.Test_Add" computerName="MSI" duration="00:00:00.0014606" startTime="2022-10-28T16:24:48.7922878+08:00" endTime="2022-10-28T16:24:48.7922886+08:00" testType="13cdc9d9-ddb5-4fa4-a97d-d965ccfc6d4b" outcome="Failed" testListId="8c84fa94-04c1-424b-9868-57a2d4851a1d" relativeResultsDirectory="b4c5f69f-f3c2-4dd8-bfcf-1a52d90c48d0">
      <Output>
        <ErrorInfo>
          <Message>Assert.Equal() Failure
Expected: 105
Actual:   106</Message>
          <StackTrace>   at xUnit.Tests.xUnitTest_Math.Test_Add() in /mnt/d/webroot/DotNetCoreWebApi/xUnit.Tests/xUnitTest_Math.cs:line 33</StackTrace>
        </ErrorInfo>
      </Output>
    </UnitTestResult>
  </Results>
  <TestDefinitions>
    <UnitTest name="xUnit.Tests.xUnitTest_Math.Test_Minus" storage="/mnt/d/webroot/dotnetcorewebapi/xunit.tests/bin/debug/netcoreapp3.1/xunit.tests.dll" id="642aaa61-9aee-8406-fd9d-28ba17b9b387">
      <Execution id="ecb87eca-eed1-4347-9989-524031eb4e84" />
      <TestMethod codeBase="/mnt/d/webroot/DotNetCoreWebApi/xUnit.Tests/bin/Debug/netcoreapp3.1/xUnit.Tests.dll" adapterTypeName="executor://xunit/VsTestRunner2/netcoreapp" className="xUnit.Tests.xUnitTest_Math" name="Test_Minus" />
    </UnitTest>
    <UnitTest name="xUnit.Tests.xUnitTest_Math.Test_Add" storage="/mnt/d/webroot/dotnetcorewebapi/xunit.tests/bin/debug/netcoreapp3.1/xunit.tests.dll" id="76ebcdc6-41a5-eac7-5a97-3f40aa0f1690">
      <Execution id="b4c5f69f-f3c2-4dd8-bfcf-1a52d90c48d0" />
      <TestMethod codeBase="/mnt/d/webroot/DotNetCoreWebApi/xUnit.Tests/bin/Debug/netcoreapp3.1/xUnit.Tests.dll" adapterTypeName="executor://xunit/VsTestRunner2/netcoreapp" className="xUnit.Tests.xUnitTest_Math" name="Test_Add" />
    </UnitTest>
    <UnitTest name="xUnit.Tests.xUnitTest_Math.Test_Multiple" storage="/mnt/d/webroot/dotnetcorewebapi/xunit.tests/bin/debug/netcoreapp3.1/xunit.tests.dll" id="f7a3c5c7-39fd-dc2e-f07d-843a5080da15">
      <Execution id="9f0e8bec-56d6-4bee-b864-033d89e98e3f" />
      <TestMethod codeBase="/mnt/d/webroot/DotNetCoreWebApi/xUnit.Tests/bin/Debug/netcoreapp3.1/xUnit.Tests.dll" adapterTypeName="executor://xunit/VsTestRunner2/netcoreapp" className="xUnit.Tests.xUnitTest_Math" name="Test_Multiple" />
    </UnitTest>
    <UnitTest name="xUnit.Tests.xUnitTest_Math.Test_Divide" storage="/mnt/d/webroot/dotnetcorewebapi/xunit.tests/bin/debug/netcoreapp3.1/xunit.tests.dll" id="5185eeec-8d1b-cb15-78a4-e23e060e8825">
      <Execution id="3ddc9adb-9ff8-41c1-94e8-f678a53848d9" />
      <TestMethod codeBase="/mnt/d/webroot/DotNetCoreWebApi/xUnit.Tests/bin/Debug/netcoreapp3.1/xUnit.Tests.dll" adapterTypeName="executor://xunit/VsTestRunner2/netcoreapp" className="xUnit.Tests.xUnitTest_Math" name="Test_Divide" />
    </UnitTest>
  </TestDefinitions>
  <TestEntries>
    <TestEntry testId="5185eeec-8d1b-cb15-78a4-e23e060e8825" executionId="3ddc9adb-9ff8-41c1-94e8-f678a53848d9" testListId="8c84fa94-04c1-424b-9868-57a2d4851a1d" />
    <TestEntry testId="642aaa61-9aee-8406-fd9d-28ba17b9b387" executionId="ecb87eca-eed1-4347-9989-524031eb4e84" testListId="8c84fa94-04c1-424b-9868-57a2d4851a1d" />
    <TestEntry testId="f7a3c5c7-39fd-dc2e-f07d-843a5080da15" executionId="9f0e8bec-56d6-4bee-b864-033d89e98e3f" testListId="8c84fa94-04c1-424b-9868-57a2d4851a1d" />
    <TestEntry testId="76ebcdc6-41a5-eac7-5a97-3f40aa0f1690" executionId="b4c5f69f-f3c2-4dd8-bfcf-1a52d90c48d0" testListId="8c84fa94-04c1-424b-9868-57a2d4851a1d" />
  </TestEntries>
  <TestLists>
    <TestList name="Results Not in a List" id="8c84fa94-04c1-424b-9868-57a2d4851a1d" />
    <TestList name="All Loaded Results" id="19431567-8539-422a-85d7-44ee4e166bda" />
  </TestLists>
  <ResultSummary outcome="Failed">
    <Counters total="4" executed="4" passed="3" failed="1" error="0" timeout="0" aborted="0" inconclusive="0" passedButRunAborted="0" notRunnable="0" notExecuted="0" disconnected="0" warning="0" completed="0" inProgress="0" pending="0" />
    <Output>
      <StdOut>[xUnit.net 00:00:00.00] xUnit.net VSTest Adapter v2.4.3+1b45f5407b (64-bit .NET Core 3.1.30)
[xUnit.net 00:00:00.47]   Discovering: xUnit.Tests
[xUnit.net 00:00:00.49]   Discovered:  xUnit.Tests
[xUnit.net 00:00:00.49]   Starting:    xUnit.Tests
[xUnit.net 00:00:00.56]       Assert.Equal() Failure
[xUnit.net 00:00:00.56]       Expected: 105
[xUnit.net 00:00:00.56]       Actual:   106
[xUnit.net 00:00:00.56]       Stack Trace:
[xUnit.net 00:00:00.56]         /mnt/d/webroot/DotNetCoreWebApi/xUnit.Tests/xUnitTest_Math.cs(33,0): at xUnit.Tests.xUnitTest_Math.Test_Add()
[xUnit.net 00:00:00.56]   Finished:    xUnit.Tests
</StdOut>
    </Output>
    <RunInfos>
      <RunInfo computerName="MSI" outcome="Error" timestamp="2022-10-28T16:24:48.7915980+08:00">
        <Text>[xUnit.net 00:00:00.56]     xUnit.Tests.xUnitTest_Math.Test_Add [FAIL]</Text>
      </RunInfo>
    </RunInfos>
  </ResultSummary>
</TestRun>