<?xml version="1.0" encoding="utf-8"?>
<TestRun id="add212dc-7659-4c01-bf96-585e6062593e" name="@MSI 2022-11-03 11:04:53" xmlns="http://microsoft.com/schemas/VisualStudio/TeamTest/2010">
  <Times creation="2022-11-03T11:04:53.1163556+08:00" queuing="2022-11-03T11:04:53.1163556+08:00" start="2022-11-03T11:04:51.6590643+08:00" finish="2022-11-03T11:04:53.1238088+08:00" />
  <TestSettings name="default" id="6132a5cc-1c5d-4600-af8f-f7c98b11e9ec">
    <Deployment runDeploymentRoot="_MSI_2022-11-03_11_04_53" />
  </TestSettings>
  <Results>
    <UnitTestResult executionId="124b1b07-ae05-4304-8992-0b98068a095e" testId="f7a3c5c7-39fd-dc2e-f07d-843a5080da15" testName="xUnit.Tests.xUnitTest_Math.Test_Multiple" computerName="MSI" duration="00:00:00.0000510" startTime="2022-11-03T11:04:53.0495891+08:00" endTime="2022-11-03T11:04:53.0495891+08:00" testType="13cdc9d9-ddb5-4fa4-a97d-d965ccfc6d4b" outcome="Passed" testListId="8c84fa94-04c1-424b-9868-57a2d4851a1d" relativeResultsDirectory="124b1b07-ae05-4304-8992-0b98068a095e" />
    <UnitTestResult executionId="cee9ba02-6153-483a-bbd0-f3719e2e3a7d" testId="5185eeec-8d1b-cb15-78a4-e23e060e8825" testName="xUnit.Tests.xUnitTest_Math.Test_Divide" computerName="MSI" duration="00:00:00.0024539" startTime="2022-11-03T11:04:53.0470599+08:00" endTime="2022-11-03T11:04:53.0470997+08:00" testType="13cdc9d9-ddb5-4fa4-a97d-d965ccfc6d4b" outcome="Passed" testListId="8c84fa94-04c1-424b-9868-57a2d4851a1d" relativeResultsDirectory="cee9ba02-6153-483a-bbd0-f3719e2e3a7d" />
    <UnitTestResult executionId="448bf4b7-778e-4042-b399-62c2a70095ab" testId="936a6d80-1972-1b00-d0ae-0c9740c6cacb" testName="xUnit.Tests.xUnitTest_Math.All_Assert_Method" computerName="MSI" duration="00:00:00.0003785" startTime="2022-11-03T11:04:53.0494807+08:00" endTime="2022-11-03T11:04:53.0494810+08:00" testType="13cdc9d9-ddb5-4fa4-a97d-d965ccfc6d4b" outcome="Passed" testListId="8c84fa94-04c1-424b-9868-57a2d4851a1d" relativeResultsDirectory="448bf4b7-778e-4042-b399-62c2a70095ab" />
    <UnitTestResult executionId="de9b6491-358b-4cfb-9856-b140cb7a4b49" testId="642aaa61-9aee-8406-fd9d-28ba17b9b387" testName="xUnit.Tests.xUnitTest_Math.Test_Minus" computerName="MSI" duration="00:00:00.0000537" startTime="2022-11-03T11:04:53.0495640+08:00" endTime="2022-11-03T11:04:53.0495641+08:00" testType="13cdc9d9-ddb5-4fa4-a97d-d965ccfc6d4b" outcome="Passed" testListId="8c84fa94-04c1-424b-9868-57a2d4851a1d" relativeResultsDirectory="de9b6491-358b-4cfb-9856-b140cb7a4b49" />
    <UnitTestResult executionId="1a0e3608-e030-472d-830b-10cdae824926" testId="76ebcdc6-41a5-eac7-5a97-3f40aa0f1690" testName="xUnit.Tests.xUnitTest_Math.Test_Add" computerName="MSI" duration="00:00:00.0000897" startTime="2022-11-03T11:04:53.0495383+08:00" endTime="2022-11-03T11:04:53.0495383+08:00" testType="13cdc9d9-ddb5-4fa4-a97d-d965ccfc6d4b" outcome="Passed" testListId="8c84fa94-04c1-424b-9868-57a2d4851a1d" relativeResultsDirectory="1a0e3608-e030-472d-830b-10cdae824926" />
  </Results>
  <TestDefinitions>
    <UnitTest name="xUnit.Tests.xUnitTest_Math.Test_Minus" storage="/mnt/d/webroot/dotnetcorewebapi/xunit.tests/bin/debug/netcoreapp3.1/xunit.tests.dll" id="642aaa61-9aee-8406-fd9d-28ba17b9b387">
      <Execution id="de9b6491-358b-4cfb-9856-b140cb7a4b49" />
      <TestMethod codeBase="/mnt/d/webroot/dotnetcorewebapi/xUnit.Tests/bin/Debug/netcoreapp3.1/xUnit.Tests.dll" adapterTypeName="executor://xunit/VsTestRunner2/netcoreapp" className="xUnit.Tests.xUnitTest_Math" name="Test_Minus" />
    </UnitTest>
    <UnitTest name="xUnit.Tests.xUnitTest_Math.Test_Add" storage="/mnt/d/webroot/dotnetcorewebapi/xunit.tests/bin/debug/netcoreapp3.1/xunit.tests.dll" id="76ebcdc6-41a5-eac7-5a97-3f40aa0f1690">
      <Execution id="1a0e3608-e030-472d-830b-10cdae824926" />
      <TestMethod codeBase="/mnt/d/webroot/dotnetcorewebapi/xUnit.Tests/bin/Debug/netcoreapp3.1/xUnit.Tests.dll" adapterTypeName="executor://xunit/VsTestRunner2/netcoreapp" className="xUnit.Tests.xUnitTest_Math" name="Test_Add" />
    </UnitTest>
    <UnitTest name="xUnit.Tests.xUnitTest_Math.All_Assert_Method" storage="/mnt/d/webroot/dotnetcorewebapi/xunit.tests/bin/debug/netcoreapp3.1/xunit.tests.dll" id="936a6d80-1972-1b00-d0ae-0c9740c6cacb">
      <Execution id="448bf4b7-778e-4042-b399-62c2a70095ab" />
      <TestMethod codeBase="/mnt/d/webroot/dotnetcorewebapi/xUnit.Tests/bin/Debug/netcoreapp3.1/xUnit.Tests.dll" adapterTypeName="executor://xunit/VsTestRunner2/netcoreapp" className="xUnit.Tests.xUnitTest_Math" name="All_Assert_Method" />
    </UnitTest>
    <UnitTest name="xUnit.Tests.xUnitTest_Math.Test_Multiple" storage="/mnt/d/webroot/dotnetcorewebapi/xunit.tests/bin/debug/netcoreapp3.1/xunit.tests.dll" id="f7a3c5c7-39fd-dc2e-f07d-843a5080da15">
      <Execution id="124b1b07-ae05-4304-8992-0b98068a095e" />
      <TestMethod codeBase="/mnt/d/webroot/dotnetcorewebapi/xUnit.Tests/bin/Debug/netcoreapp3.1/xUnit.Tests.dll" adapterTypeName="executor://xunit/VsTestRunner2/netcoreapp" className="xUnit.Tests.xUnitTest_Math" name="Test_Multiple" />
    </UnitTest>
    <UnitTest name="xUnit.Tests.xUnitTest_Math.Test_Divide" storage="/mnt/d/webroot/dotnetcorewebapi/xunit.tests/bin/debug/netcoreapp3.1/xunit.tests.dll" id="5185eeec-8d1b-cb15-78a4-e23e060e8825">
      <Execution id="cee9ba02-6153-483a-bbd0-f3719e2e3a7d" />
      <TestMethod codeBase="/mnt/d/webroot/dotnetcorewebapi/xUnit.Tests/bin/Debug/netcoreapp3.1/xUnit.Tests.dll" adapterTypeName="executor://xunit/VsTestRunner2/netcoreapp" className="xUnit.Tests.xUnitTest_Math" name="Test_Divide" />
    </UnitTest>
  </TestDefinitions>
  <TestEntries>
    <TestEntry testId="f7a3c5c7-39fd-dc2e-f07d-843a5080da15" executionId="124b1b07-ae05-4304-8992-0b98068a095e" testListId="8c84fa94-04c1-424b-9868-57a2d4851a1d" />
    <TestEntry testId="5185eeec-8d1b-cb15-78a4-e23e060e8825" executionId="cee9ba02-6153-483a-bbd0-f3719e2e3a7d" testListId="8c84fa94-04c1-424b-9868-57a2d4851a1d" />
    <TestEntry testId="936a6d80-1972-1b00-d0ae-0c9740c6cacb" executionId="448bf4b7-778e-4042-b399-62c2a70095ab" testListId="8c84fa94-04c1-424b-9868-57a2d4851a1d" />
    <TestEntry testId="642aaa61-9aee-8406-fd9d-28ba17b9b387" executionId="de9b6491-358b-4cfb-9856-b140cb7a4b49" testListId="8c84fa94-04c1-424b-9868-57a2d4851a1d" />
    <TestEntry testId="76ebcdc6-41a5-eac7-5a97-3f40aa0f1690" executionId="1a0e3608-e030-472d-830b-10cdae824926" testListId="8c84fa94-04c1-424b-9868-57a2d4851a1d" />
  </TestEntries>
  <TestLists>
    <TestList name="Results Not in a List" id="8c84fa94-04c1-424b-9868-57a2d4851a1d" />
    <TestList name="All Loaded Results" id="19431567-8539-422a-85d7-44ee4e166bda" />
  </TestLists>
  <ResultSummary outcome="Completed">
    <Counters total="5" executed="5" passed="5" failed="0" error="0" timeout="0" aborted="0" inconclusive="0" passedButRunAborted="0" notRunnable="0" notExecuted="0" disconnected="0" warning="0" completed="0" inProgress="0" pending="0" />
    <Output>
      <StdOut>[xUnit.net 00:00:00.00] xUnit.net VSTest Adapter v2.4.3+1b45f5407b (64-bit .NET Core 3.1.30)
[xUnit.net 00:00:00.49]   Discovering: xUnit.Tests
[xUnit.net 00:00:00.52]   Discovered:  xUnit.Tests
[xUnit.net 00:00:00.52]   Starting:    xUnit.Tests
[xUnit.net 00:00:00.56]   Finished:    xUnit.Tests
</StdOut>
    </Output>
  </ResultSummary>
</TestRun>