<?xml version="1.0" encoding="utf-8"?>
<TestRun id="ab4a78e2-83fd-47bd-b44e-27509a26bb19" name="@MSI 2022-10-28 18:47:59" xmlns="http://microsoft.com/schemas/VisualStudio/TeamTest/2010">
  <Times creation="2022-10-28T18:47:59.5364210+08:00" queuing="2022-10-28T18:47:59.5364210+08:00" start="2022-10-28T18:47:58.0605947+08:00" finish="2022-10-28T18:47:59.5467534+08:00" />
  <TestSettings name="default" id="95b496a7-0baa-4929-952d-0127328e36d8">
    <Deployment runDeploymentRoot="_MSI_2022-10-28_18_47_59" />
  </TestSettings>
  <Results>
    <UnitTestResult executionId="c4beb685-7965-49d6-bd6e-d79278f7d2f3" testId="76ebcdc6-41a5-eac7-5a97-3f40aa0f1690" testName="xUnit.Tests.xUnitTest_Math.Test_Add" computerName="MSI" duration="00:00:00.0000675" startTime="2022-10-28T18:47:59.4631220+08:00" endTime="2022-10-28T18:47:59.4631220+08:00" testType="13cdc9d9-ddb5-4fa4-a97d-d965ccfc6d4b" outcome="Passed" testListId="8c84fa94-04c1-424b-9868-57a2d4851a1d" relativeResultsDirectory="c4beb685-7965-49d6-bd6e-d79278f7d2f3" />
    <UnitTestResult executionId="af50bd0f-bbb3-4d81-a95a-804690700b07" testId="5185eeec-8d1b-cb15-78a4-e23e060e8825" testName="xUnit.Tests.xUnitTest_Math.Test_Divide" computerName="MSI" duration="00:00:00.0025260" startTime="2022-10-28T18:47:59.4606663+08:00" endTime="2022-10-28T18:47:59.4607074+08:00" testType="13cdc9d9-ddb5-4fa4-a97d-d965ccfc6d4b" outcome="Passed" testListId="8c84fa94-04c1-424b-9868-57a2d4851a1d" relativeResultsDirectory="af50bd0f-bbb3-4d81-a95a-804690700b07" />
    <UnitTestResult executionId="b09d4f91-5aaa-4d8f-9024-e25f414eeb6f" testId="642aaa61-9aee-8406-fd9d-28ba17b9b387" testName="xUnit.Tests.xUnitTest_Math.Test_Minus" computerName="MSI" duration="00:00:00.0000420" startTime="2022-10-28T18:47:59.4631890+08:00" endTime="2022-10-28T18:47:59.4631891+08:00" testType="13cdc9d9-ddb5-4fa4-a97d-d965ccfc6d4b" outcome="Passed" testListId="8c84fa94-04c1-424b-9868-57a2d4851a1d" relativeResultsDirectory="b09d4f91-5aaa-4d8f-9024-e25f414eeb6f" />
    <UnitTestResult executionId="3f3b8df7-1545-4f59-8b66-fdcc3cf36e48" testId="f7a3c5c7-39fd-dc2e-f07d-843a5080da15" testName="xUnit.Tests.xUnitTest_Math.Test_Multiple" computerName="MSI" duration="00:00:00.0000397" startTime="2022-10-28T18:47:59.4632124+08:00" endTime="2022-10-28T18:47:59.4632124+08:00" testType="13cdc9d9-ddb5-4fa4-a97d-d965ccfc6d4b" outcome="Passed" testListId="8c84fa94-04c1-424b-9868-57a2d4851a1d" relativeResultsDirectory="3f3b8df7-1545-4f59-8b66-fdcc3cf36e48" />
    <UnitTestResult executionId="b26b9584-f593-4f1b-a59a-17004deaa0b2" testId="936a6d80-1972-1b00-d0ae-0c9740c6cacb" testName="xUnit.Tests.xUnitTest_Math.All_Assert_Method" computerName="MSI" duration="00:00:00.0003209" startTime="2022-10-28T18:47:59.4630780+08:00" endTime="2022-10-28T18:47:59.4630784+08:00" testType="13cdc9d9-ddb5-4fa4-a97d-d965ccfc6d4b" outcome="Passed" testListId="8c84fa94-04c1-424b-9868-57a2d4851a1d" relativeResultsDirectory="b26b9584-f593-4f1b-a59a-17004deaa0b2" />
  </Results>
  <TestDefinitions>
    <UnitTest name="xUnit.Tests.xUnitTest_Math.Test_Minus" storage="/mnt/d/webroot/dotnetcorewebapi/xunit.tests/bin/debug/netcoreapp3.1/xunit.tests.dll" id="642aaa61-9aee-8406-fd9d-28ba17b9b387">
      <Execution id="b09d4f91-5aaa-4d8f-9024-e25f414eeb6f" />
      <TestMethod codeBase="/mnt/d/webroot/dotnetcorewebapi/xUnit.Tests/bin/Debug/netcoreapp3.1/xUnit.Tests.dll" adapterTypeName="executor://xunit/VsTestRunner2/netcoreapp" className="xUnit.Tests.xUnitTest_Math" name="Test_Minus" />
    </UnitTest>
    <UnitTest name="xUnit.Tests.xUnitTest_Math.Test_Add" storage="/mnt/d/webroot/dotnetcorewebapi/xunit.tests/bin/debug/netcoreapp3.1/xunit.tests.dll" id="76ebcdc6-41a5-eac7-5a97-3f40aa0f1690">
      <Execution id="c4beb685-7965-49d6-bd6e-d79278f7d2f3" />
      <TestMethod codeBase="/mnt/d/webroot/dotnetcorewebapi/xUnit.Tests/bin/Debug/netcoreapp3.1/xUnit.Tests.dll" adapterTypeName="executor://xunit/VsTestRunner2/netcoreapp" className="xUnit.Tests.xUnitTest_Math" name="Test_Add" />
    </UnitTest>
    <UnitTest name="xUnit.Tests.xUnitTest_Math.All_Assert_Method" storage="/mnt/d/webroot/dotnetcorewebapi/xunit.tests/bin/debug/netcoreapp3.1/xunit.tests.dll" id="936a6d80-1972-1b00-d0ae-0c9740c6cacb">
      <Execution id="b26b9584-f593-4f1b-a59a-17004deaa0b2" />
      <TestMethod codeBase="/mnt/d/webroot/dotnetcorewebapi/xUnit.Tests/bin/Debug/netcoreapp3.1/xUnit.Tests.dll" adapterTypeName="executor://xunit/VsTestRunner2/netcoreapp" className="xUnit.Tests.xUnitTest_Math" name="All_Assert_Method" />
    </UnitTest>
    <UnitTest name="xUnit.Tests.xUnitTest_Math.Test_Multiple" storage="/mnt/d/webroot/dotnetcorewebapi/xunit.tests/bin/debug/netcoreapp3.1/xunit.tests.dll" id="f7a3c5c7-39fd-dc2e-f07d-843a5080da15">
      <Execution id="3f3b8df7-1545-4f59-8b66-fdcc3cf36e48" />
      <TestMethod codeBase="/mnt/d/webroot/dotnetcorewebapi/xUnit.Tests/bin/Debug/netcoreapp3.1/xUnit.Tests.dll" adapterTypeName="executor://xunit/VsTestRunner2/netcoreapp" className="xUnit.Tests.xUnitTest_Math" name="Test_Multiple" />
    </UnitTest>
    <UnitTest name="xUnit.Tests.xUnitTest_Math.Test_Divide" storage="/mnt/d/webroot/dotnetcorewebapi/xunit.tests/bin/debug/netcoreapp3.1/xunit.tests.dll" id="5185eeec-8d1b-cb15-78a4-e23e060e8825">
      <Execution id="af50bd0f-bbb3-4d81-a95a-804690700b07" />
      <TestMethod codeBase="/mnt/d/webroot/dotnetcorewebapi/xUnit.Tests/bin/Debug/netcoreapp3.1/xUnit.Tests.dll" adapterTypeName="executor://xunit/VsTestRunner2/netcoreapp" className="xUnit.Tests.xUnitTest_Math" name="Test_Divide" />
    </UnitTest>
  </TestDefinitions>
  <TestEntries>
    <TestEntry testId="76ebcdc6-41a5-eac7-5a97-3f40aa0f1690" executionId="c4beb685-7965-49d6-bd6e-d79278f7d2f3" testListId="8c84fa94-04c1-424b-9868-57a2d4851a1d" />
    <TestEntry testId="5185eeec-8d1b-cb15-78a4-e23e060e8825" executionId="af50bd0f-bbb3-4d81-a95a-804690700b07" testListId="8c84fa94-04c1-424b-9868-57a2d4851a1d" />
    <TestEntry testId="642aaa61-9aee-8406-fd9d-28ba17b9b387" executionId="b09d4f91-5aaa-4d8f-9024-e25f414eeb6f" testListId="8c84fa94-04c1-424b-9868-57a2d4851a1d" />
    <TestEntry testId="f7a3c5c7-39fd-dc2e-f07d-843a5080da15" executionId="3f3b8df7-1545-4f59-8b66-fdcc3cf36e48" testListId="8c84fa94-04c1-424b-9868-57a2d4851a1d" />
    <TestEntry testId="936a6d80-1972-1b00-d0ae-0c9740c6cacb" executionId="b26b9584-f593-4f1b-a59a-17004deaa0b2" testListId="8c84fa94-04c1-424b-9868-57a2d4851a1d" />
  </TestEntries>
  <TestLists>
    <TestList name="Results Not in a List" id="8c84fa94-04c1-424b-9868-57a2d4851a1d" />
    <TestList name="All Loaded Results" id="19431567-8539-422a-85d7-44ee4e166bda" />
  </TestLists>
  <ResultSummary outcome="Completed">
    <Counters total="5" executed="5" passed="5" failed="0" error="0" timeout="0" aborted="0" inconclusive="0" passedButRunAborted="0" notRunnable="0" notExecuted="0" disconnected="0" warning="0" completed="0" inProgress="0" pending="0" />
    <Output>
      <StdOut>[xUnit.net 00:00:00.00] xUnit.net VSTest Adapter v2.4.3+1b45f5407b (64-bit .NET Core 3.1.30)
[xUnit.net 00:00:00.56]   Discovering: xUnit.Tests
[xUnit.net 00:00:00.58]   Discovered:  xUnit.Tests
[xUnit.net 00:00:00.58]   Starting:    xUnit.Tests
[xUnit.net 00:00:00.63]   Finished:    xUnit.Tests
</StdOut>
    </Output>
  </ResultSummary>
</TestRun>